No numpy version specified in conda_build_config.yaml.  Falling back to default numpy value of 1.16
WARNING:conda_build.metadata:No numpy version specified in conda_build_config.yaml.  Falling back to default numpy value of 1.16
Adding in variants from internal_defaults
INFO:conda_build.variants:Adding in variants from internal_defaults
Attempting to finalize metadata for m17-cxx-demod
INFO:conda_build.metadata:Attempting to finalize metadata for m17-cxx-demod
Collecting package metadata (repodata.json): ...working... done
Solving environment: ...working... done
Collecting package metadata (repodata.json): ...working... done
Solving environment: ...working... done
Collecting package metadata (repodata.json): ...working... done
Solving environment: ...working... done
BUILD START: ['m17-cxx-demod-2.3-h3fd9d12_0.tar.bz2']
Collecting package metadata (repodata.json): ...working... done
Solving environment: ...working... done

## Package Plan ##

  environment location: /home/dcherkus/radioconda/envs/m17env/conda-bld/m17-cxx-demod_1645888486162/_h_env_placehold_placehold_placehold_placehold_placehold_placehold_placehold_placehold_placehold_placehold_placehold_placehold_placehold_placehold_placehold_placehold_placehold_pl


The following NEW packages will be INSTALLED:

    _libgcc_mutex: 0.1-conda_forge      conda-forge
    _openmp_mutex: 4.5-1_gnu            conda-forge
    boost-cpp:     1.77.0-h359cf19_1    conda-forge
    bzip2:         1.0.8-h7f98852_4     conda-forge
    codec2:        1.0.3-h7f98852_0     conda-forge
    icu:           69.1-h9c3ff4c_0      conda-forge
    libcodec2:     1.0.3-h7f98852_0     conda-forge
    libgcc-ng:     11.2.0-h1d223b6_12   conda-forge
    libgomp:       11.2.0-h1d223b6_12   conda-forge
    libstdcxx-ng:  11.2.0-he4da1e4_12   conda-forge
    libzlib:       1.2.11-h36c2ea0_1013 conda-forge
    lz4-c:         1.9.3-h9c3ff4c_1     conda-forge
    xz:            5.2.5-h516909a_1     conda-forge
    zstd:          1.5.2-ha95c52a_0     conda-forge

Preparing transaction: ...working... done
Verifying transaction: ...working... done
Executing transaction: ...working... done
Collecting package metadata (repodata.json): ...working... done
Solving environment: ...working... done
Collecting package metadata (repodata.json): ...working... done
Solving environment: ...working... done

## Package Plan ##

  environment location: /home/dcherkus/radioconda/envs/m17env/conda-bld/m17-cxx-demod_1645888486162/_build_env


The following NEW packages will be INSTALLED:

    _libgcc_mutex:            0.1-conda_forge         conda-forge
    _openmp_mutex:            4.5-1_gnu               conda-forge
    binutils_impl_linux-64:   2.36.1-h193b22a_2       conda-forge
    binutils_linux-64:        2.36-hf3e587d_6         conda-forge
    bzip2:                    1.0.8-h7f98852_4        conda-forge
    c-ares:                   1.18.1-h7f98852_0       conda-forge
    ca-certificates:          2021.10.8-ha878542_0    conda-forge
    cmake:                    3.22.2-h1021d11_0       conda-forge
    expat:                    2.4.6-h27087fc_0        conda-forge
    gcc_impl_linux-64:        11.2.0-h82a94d6_12      conda-forge
    gcc_linux-64:             11.2.0-h39a9532_6       conda-forge
    gxx_impl_linux-64:        11.2.0-h82a94d6_12      conda-forge
    gxx_linux-64:             11.2.0-hacbe6df_6       conda-forge
    kernel-headers_linux-64:  2.6.32-he073ed8_15      conda-forge
    krb5:                     1.19.2-h48eae69_3       conda-forge
    ld_impl_linux-64:         2.36.1-hea4e1c9_2       conda-forge
    libcurl:                  7.81.0-h494985f_0       conda-forge
    libedit:                  3.1.20191231-he28a2e2_2 conda-forge
    libev:                    4.33-h516909a_1         conda-forge
    libgcc-devel_linux-64:    11.2.0-h0952999_12      conda-forge
    libgcc-ng:                11.2.0-h1d223b6_12      conda-forge
    libgomp:                  11.2.0-h1d223b6_12      conda-forge
    libnghttp2:               1.47.0-he49606f_0       conda-forge
    libsanitizer:             11.2.0-he4da1e4_12      conda-forge
    libssh2:                  1.10.0-ha35d2d1_2       conda-forge
    libstdcxx-devel_linux-64: 11.2.0-h0952999_12      conda-forge
    libstdcxx-ng:             11.2.0-he4da1e4_12      conda-forge
    libuv:                    1.43.0-h7f98852_0       conda-forge
    libzlib:                  1.2.11-h36c2ea0_1013    conda-forge
    lz4-c:                    1.9.3-h9c3ff4c_1        conda-forge
    make:                     4.3-hd18ef5c_1          conda-forge
    ncurses:                  6.3-h9c3ff4c_0          conda-forge
    openssl:                  3.0.0-h7f98852_2        conda-forge
    pkg-config:               0.29.2-h36c2ea0_1008    conda-forge
    rhash:                    1.4.1-h7f98852_0        conda-forge
    sysroot_linux-64:         2.12-he073ed8_15        conda-forge
    tk:                       8.6.12-h27826a3_0       conda-forge
    xz:                       5.2.5-h516909a_1        conda-forge
    zlib:                     1.2.11-h36c2ea0_1013    conda-forge
    zstd:                     1.5.2-ha95c52a_0        conda-forge

Preparing transaction: ...working... done
Verifying transaction: ...working... done
Executing transaction: ...working... done
Source cache directory is: /home/dcherkus/radioconda/envs/m17env/conda-bld/src_cache
INFO:conda_build.source:Source cache directory is: /home/dcherkus/radioconda/envs/m17env/conda-bld/src_cache
INFO conda_build.source:download_to_cache(41): Source cache directory is: /home/dcherkus/radioconda/envs/m17env/conda-bld/src_cache
Found source in cache: v2.3_5dac28a7aa.tar.gz
INFO:conda_build.source:Found source in cache: v2.3_5dac28a7aa.tar.gz
INFO conda_build.source:download_to_cache(63): Found source in cache: v2.3_5dac28a7aa.tar.gz
+ mkdir build
+ cd build
+ cmake_config_args=(-DCMAKE_BUILD_TYPE=Release -DCMAKE_INSTALL_PREFIX=$PREFIX -DLIB_SUFFIX="" -DENABLE_DOXYGEN=OFF -DENABLE_TESTING=ON)
+ cmake -DCMAKE_AR=/home/dcherkus/radioconda/envs/m17env/conda-bld/m17-cxx-demod_1645888486162/_build_env/bin/x86_64-conda-linux-gnu-ar -DCMAKE_CXX_COMPILER_AR=/home/dcherkus/radioconda/envs/m17env/conda-bld/m17-cxx-demod_1645888486162/_build_env/bin/x86_64-conda-linux-gnu-gcc-ar -DCMAKE_C_COMPILER_AR=/home/dcherkus/radioconda/envs/m17env/conda-bld/m17-cxx-demod_1645888486162/_build_env/bin/x86_64-conda-linux-gnu-gcc-ar -DCMAKE_RANLIB=/home/dcherkus/radioconda/envs/m17env/conda-bld/m17-cxx-demod_1645888486162/_build_env/bin/x86_64-conda-linux-gnu-ranlib -DCMAKE_CXX_COMPILER_RANLIB=/home/dcherkus/radioconda/envs/m17env/conda-bld/m17-cxx-demod_1645888486162/_build_env/bin/x86_64-conda-linux-gnu-gcc-ranlib -DCMAKE_C_COMPILER_RANLIB=/home/dcherkus/radioconda/envs/m17env/conda-bld/m17-cxx-demod_1645888486162/_build_env/bin/x86_64-conda-linux-gnu-gcc-ranlib -DCMAKE_LINKER=/home/dcherkus/radioconda/envs/m17env/conda-bld/m17-cxx-demod_1645888486162/_build_env/bin/x86_64-conda-linux-gnu-ld -DCMAKE_STRIP=/home/dcherkus/radioconda/envs/m17env/conda-bld/m17-cxx-demod_1645888486162/_build_env/bin/x86_64-conda-linux-gnu-strip -DCMAKE_FIND_ROOT_PATH_MODE_PROGRAM=NEVER -DCMAKE_FIND_ROOT_PATH_MODE_LIBRARY=ONLY -DCMAKE_FIND_ROOT_PATH_MODE_INCLUDE=ONLY '-DCMAKE_FIND_ROOT_PATH=/home/dcherkus/radioconda/envs/m17env/conda-bld/m17-cxx-demod_1645888486162/_h_env_placehold_placehold_placehold_placehold_placehold_placehold_placehold_placehold_placehold_placehold_placehold_placehold_placehold_placehold_placehold_placehold_placehold_pl;/home/dcherkus/radioconda/envs/m17env/conda-bld/m17-cxx-demod_1645888486162/_build_env/x86_64-conda-linux-gnu/sysroot' -DCMAKE_INSTALL_PREFIX=/home/dcherkus/radioconda/envs/m17env/conda-bld/m17-cxx-demod_1645888486162/_h_env_placehold_placehold_placehold_placehold_placehold_placehold_placehold_placehold_placehold_placehold_placehold_placehold_placehold_placehold_placehold_placehold_placehold_pl -DCMAKE_INSTALL_LIBDIR=lib '-DCMAKE_PROGRAM_PATH=/home/dcherkus/radioconda/envs/m17env/conda-bld/m17-cxx-demod_1645888486162/_build_env/bin;/home/dcherkus/radioconda/envs/m17env/conda-bld/m17-cxx-demod_1645888486162/_h_env_placehold_placehold_placehold_placehold_placehold_placehold_placehold_placehold_placehold_placehold_placehold_placehold_placehold_placehold_placehold_placehold_placehold_pl/bin' -G Ninja .. -DCMAKE_BUILD_TYPE=Release -DCMAKE_INSTALL_PREFIX=/home/dcherkus/radioconda/envs/m17env/conda-bld/m17-cxx-demod_1645888486162/_h_env_placehold_placehold_placehold_placehold_placehold_placehold_placehold_placehold_placehold_placehold_placehold_placehold_placehold_placehold_placehold_placehold_placehold_pl -DLIB_SUFFIX= -DENABLE_DOXYGEN=OFF -DENABLE_TESTING=ON
CMake Warning:
  Manually-specified variables were not used by the project:

    CMAKE_C_COMPILER_AR
    CMAKE_C_COMPILER_RANLIB
    ENABLE_DOXYGEN
    ENABLE_TESTING
    LIB_SUFFIX


+ cmake --build . --config Release -- -j12
+ cmake --build . --config Release --target install
Extracting download
source tree in: /home/dcherkus/radioconda/envs/m17env/conda-bld/m17-cxx-demod_1645888486162/work
export PREFIX=/home/dcherkus/radioconda/envs/m17env/conda-bld/m17-cxx-demod_1645888486162/_h_env_placehold_placehold_placehold_placehold_placehold_placehold_placehold_placehold_placehold_placehold_placehold_placehold_placehold_placehold_placehold_placehold_placehold_pl
export BUILD_PREFIX=/home/dcherkus/radioconda/envs/m17env/conda-bld/m17-cxx-demod_1645888486162/_build_env
export SRC_DIR=/home/dcherkus/radioconda/envs/m17env/conda-bld/m17-cxx-demod_1645888486162/work
INFO: activate-binutils_linux-64.sh made the following environmental changes:
+ADDR2LINE=$BUILD_PREFIX/bin/x86_64-conda-linux-gnu-addr2line
+AR=$BUILD_PREFIX/bin/x86_64-conda-linux-gnu-ar
+AS=$BUILD_PREFIX/bin/x86_64-conda-linux-gnu-as
+CXXFILT=$BUILD_PREFIX/bin/x86_64-conda-linux-gnu-c++filt
+ELFEDIT=$BUILD_PREFIX/bin/x86_64-conda-linux-gnu-elfedit
+GPROF=$BUILD_PREFIX/bin/x86_64-conda-linux-gnu-gprof
+LD_GOLD=$BUILD_PREFIX/bin/x86_64-conda-linux-gnu-ld.gold
+LD=$BUILD_PREFIX/bin/x86_64-conda-linux-gnu-ld
+NM=$BUILD_PREFIX/bin/x86_64-conda-linux-gnu-nm
+OBJCOPY=$BUILD_PREFIX/bin/x86_64-conda-linux-gnu-objcopy
+OBJDUMP=$BUILD_PREFIX/bin/x86_64-conda-linux-gnu-objdump
+RANLIB=$BUILD_PREFIX/bin/x86_64-conda-linux-gnu-ranlib
+READELF=$BUILD_PREFIX/bin/x86_64-conda-linux-gnu-readelf
+SIZE=$BUILD_PREFIX/bin/x86_64-conda-linux-gnu-size
+STRINGS=$BUILD_PREFIX/bin/x86_64-conda-linux-gnu-strings
+STRIP=$BUILD_PREFIX/bin/x86_64-conda-linux-gnu-strip
INFO: activate-gcc_linux-64.sh made the following environmental changes:
+build_alias=x86_64-conda-linux-gnu
+CC_FOR_BUILD=$BUILD_PREFIX/bin/x86_64-conda-linux-gnu-cc
+CC=$BUILD_PREFIX/bin/x86_64-conda-linux-gnu-cc
+CMAKE_ARGS=-DCMAKE_AR=$BUILD_PREFIX/bin/x86_64-conda-linux-gnu-ar -DCMAKE_CXX_COMPILER_AR=$BUILD_PREFIX/bin/x86_64-conda-linux-gnu-gcc-ar -DCMAKE_C_COMPILER_AR=$BUILD_PREFIX/bin/x86_64-conda-linux-gnu-gcc-ar -DCMAKE_RANLIB=$BUILD_PREFIX/bin/x86_64-conda-linux-gnu-ranlib -DCMAKE_CXX_COMPILER_RANLIB=$BUILD_PREFIX/bin/x86_64-conda-linux-gnu-gcc-ranlib -DCMAKE_C_COMPILER_RANLIB=$BUILD_PREFIX/bin/x86_64-conda-linux-gnu-gcc-ranlib -DCMAKE_LINKER=$BUILD_PREFIX/bin/x86_64-conda-linux-gnu-ld -DCMAKE_STRIP=$BUILD_PREFIX/bin/x86_64-conda-linux-gnu-strip -DCMAKE_FIND_ROOT_PATH_MODE_PROGRAM=NEVER -DCMAKE_FIND_ROOT_PATH_MODE_LIBRARY=ONLY -DCMAKE_FIND_ROOT_PATH_MODE_INCLUDE=ONLY -DCMAKE_FIND_ROOT_PATH=$PREFIX;$BUILD_PREFIX/x86_64-conda-linux-gnu/sysroot -DCMAKE_INSTALL_PREFIX=$PREFIX -DCMAKE_INSTALL_LIBDIR=lib -DCMAKE_PROGRAM_PATH=$BUILD_PREFIX/bin;$PREFIX/bin
+CMAKE_PREFIX_PATH=$PREFIX:$BUILD_PREFIX/x86_64-conda-linux-gnu/sysroot/usr
+CONDA_BUILD_SYSROOT=$BUILD_PREFIX/x86_64-conda-linux-gnu/sysroot
+_CONDA_PYTHON_SYSCONFIGDATA_NAME=_sysconfigdata_x86_64_conda_cos6_linux_gnu
+CONDA_TOOLCHAIN_BUILD=x86_64-conda-linux-gnu
+CONDA_TOOLCHAIN_HOST=x86_64-conda-linux-gnu
+CPPFLAGS=-DNDEBUG -D_FORTIFY_SOURCE=2 -O2 -isystem $PREFIX/include
+CPP=$BUILD_PREFIX/bin/x86_64-conda-linux-gnu-cpp
+DEBUG_CFLAGS=-march=nocona -mtune=haswell -ftree-vectorize -fPIC -fstack-protector-all -fno-plt -Og -g -Wall -Wextra -fvar-tracking-assignments -ffunction-sections -pipe -isystem $PREFIX/include -fdebug-prefix-map=$SRC_DIR=/usr/local/src/conda/m17-cxx-demod-2.3 -fdebug-prefix-map=$PREFIX=/usr/local/src/conda-prefix
+DEBUG_CPPFLAGS=-D_DEBUG -D_FORTIFY_SOURCE=2 -Og -isystem $PREFIX/include
+GCC_AR=$BUILD_PREFIX/bin/x86_64-conda-linux-gnu-gcc-ar
+GCC=$BUILD_PREFIX/bin/x86_64-conda-linux-gnu-gcc
+GCC_NM=$BUILD_PREFIX/bin/x86_64-conda-linux-gnu-gcc-nm
+GCC_RANLIB=$BUILD_PREFIX/bin/x86_64-conda-linux-gnu-gcc-ranlib
+host_alias=x86_64-conda-linux-gnu
+HOST=x86_64-conda-linux-gnu
INFO: activate-gxx_linux-64.sh made the following environmental changes:
+CXX_FOR_BUILD=$BUILD_PREFIX/bin/x86_64-conda-linux-gnu-c++
+CXX=$BUILD_PREFIX/bin/x86_64-conda-linux-gnu-c++
+DEBUG_CXXFLAGS=-fvisibility-inlines-hidden -fmessage-length=0 -march=nocona -mtune=haswell -ftree-vectorize -fPIC -fstack-protector-all -fno-plt -Og -g -Wall -Wextra -fvar-tracking-assignments -ffunction-sections -pipe -isystem $PREFIX/include -fdebug-prefix-map=$SRC_DIR=/usr/local/src/conda/m17-cxx-demod-2.3 -fdebug-prefix-map=$PREFIX=/usr/local/src/conda-prefix
+GXX=$BUILD_PREFIX/bin/x86_64-conda-linux-gnu-g++
-- The CXX compiler identification is GNU 11.2.0
-- Detecting CXX compiler ABI info
-- Detecting CXX compiler ABI info - done
-- Check for working CXX compiler: $BUILD_PREFIX/bin/x86_64-conda-linux-gnu-c++ - skipped
-- Detecting CXX compile features
-- Detecting CXX compile features - done
-- # Checking dependencies
-- Looking for C++ include pthread.h
-- Looking for C++ include pthread.h - found
-- Performing Test CMAKE_HAVE_LIBC_PTHREAD
-- Performing Test CMAKE_HAVE_LIBC_PTHREAD - Failed
-- Check if compiler accepts -pthread
-- Check if compiler accepts -pthread - yes
-- Found Threads: TRUE  
-- Found PkgConfig: $BUILD_PREFIX/bin/pkg-config (found version "0.29.2") 
-- Checking for module 'codec2'
--   Found codec2, version 1.0.3
-- Found Boost: $PREFIX/lib/cmake/Boost-1.77.0/BoostConfig.cmake (found version "1.77.0") found components: program_options 
-- Found GTest: /home/dcherkus/radioconda/envs/m17env/lib/cmake/GTest/GTestConfig.cmake (found version "1.10.0")  
-- Using install prefix: $PREFIX
-- Building version: 0.1
-- Configuring done
-- Generating done
-- Build files have been written to: $SRC_DIR/build
[1/36] Building CXX object tests/CMakeFiles/M17FramerTest.dir/M17FramerTest.cpp.o
[2/36] Linking CXX executable tests/M17FramerTest
[3/36] Building CXX object tests/CMakeFiles/M17RandomizerTest.dir/M17RandomizerTest.cpp.o
[4/36] Building CXX object tests/CMakeFiles/ConvolutionTest.dir/ConvolutionTest.cpp.o
[5/36] Linking CXX executable tests/M17RandomizerTest
[6/36] Building CXX object tests/CMakeFiles/PolynomialInterleaverTest.dir/PolynomialInterleaverTest.cpp.o
[7/36] Linking CXX executable tests/ConvolutionTest
[8/36] Building CXX object tests/CMakeFiles/CRC16Test.dir/CRC16Test.cpp.o
[9/36] Linking CXX executable tests/PolynomialInterleaverTest
[10/36] Building CXX object tests/CMakeFiles/TrellisTest.dir/TrellisTest.cpp.o
[11/36] Linking CXX executable tests/CRC16Test
[12/36] Linking CXX executable tests/TrellisTest
[13/36] Building CXX object tests/CMakeFiles/Golay24Test.dir/Golay24Test.cpp.o
[14/36] Linking CXX executable tests/Golay24Test
[15/36] Building CXX object tests/CMakeFiles/UtilTest.dir/UtilTest.cpp.o
[16/36] Linking CXX executable tests/UtilTest
[17/36] Building CXX object tests/CMakeFiles/M17ModulatorTest.dir/M17ModulatorTest.cpp.o
[18/36] Linking CXX executable tests/M17ModulatorTest
[19/36] Building CXX object tests/CMakeFiles/LinkSetupFrameTest.dir/LinkSetupFrameTest.cpp.o
[20/36] Linking CXX executable tests/LinkSetupFrameTest
[21/36] Building CXX object tests/CMakeFiles/CorrelatorTest.dir/CorrelatorTest.cpp.o
[22/36] Building CXX object tests/CMakeFiles/DataCarrierDetectTest.dir/DataCarrierDetectTest.cpp.o
[23/36] Linking CXX executable tests/CorrelatorTest
[24/36] Building CXX object tests/CMakeFiles/FreqDevEstimatorTest.dir/FreqDevEstimatorTest.cpp.o
[25/36] Linking CXX executable tests/DataCarrierDetectTest
[26/36] Linking CXX executable tests/FreqDevEstimatorTest
[27/36] Building CXX object tests/CMakeFiles/ViterbiTest.dir/ViterbiTest.cpp.o
[28/36] Building CXX object tests/CMakeFiles/ClockRecoveryTest.dir/ClockRecoveryTest.cpp.o
[29/36] Linking CXX executable tests/ViterbiTest
[30/36] Linking CXX executable tests/ClockRecoveryTest
[31/36] Building CXX object apps/CMakeFiles/m17-demod.dir/m17-demod.cpp.o
[32/36] Linking CXX executable apps/m17-demod
[33/36] Building CXX object apps/CMakeFiles/m17-mod.dir/m17-mod.cpp.o
[34/36] Linking CXX executable apps/m17-mod
[35/36] Building CXX object tests/CMakeFiles/SlidingDFTTest.dir/SlidingDFTTest.cpp.o
[36/36] Linking CXX executable tests/SlidingDFTTest
[0/1] Install the project...
-- Install configuration: "Release"
-- Installing: $PREFIX/lib/cmake/m17cxx/m17cxxTargets.cmake
-- Installing: $PREFIX/lib/cmake/m17cxx/m17cxxConfigVersion.cmake
-- Installing: $PREFIX/lib/cmake/m17cxx/m17cxxConfig.cmake
+ ctest --build-config Release --output-on-failure --timeout 120 -j12
-- Up-to-date: $PREFIX/include
-- Installing: $PREFIX/include/m17cxx
-- Installing: $PREFIX/include/m17cxx/M17Framer.h
-- Installing: $PREFIX/include/m17cxx/DeviationError.h
-- Installing: $PREFIX/include/m17cxx/queue.h
-- Installing: $PREFIX/include/m17cxx/CarrierDetect.h
-- Installing: $PREFIX/include/m17cxx/ClockRecovery.h
-- Installing: $PREFIX/include/m17cxx/Correlator.h
-- Installing: $PREFIX/include/m17cxx/Util.h
-- Installing: $PREFIX/include/m17cxx/M17Synchronizer.h
-- Installing: $PREFIX/include/m17cxx/FrequencyError.h
-- Installing: $PREFIX/include/m17cxx/Trellis.h
-- Installing: $PREFIX/include/m17cxx/Viterbi.h
-- Installing: $PREFIX/include/m17cxx/FreqDevEstimator.h
-- Installing: $PREFIX/include/m17cxx/LinkSetupFrame.h
-- Installing: $PREFIX/include/m17cxx/M17Modulator.h
-- Installing: $PREFIX/include/m17cxx/Filter.h
-- Installing: $PREFIX/include/m17cxx/FirFilter.h
-- Installing: $PREFIX/include/m17cxx/CRC16.h
-- Installing: $PREFIX/include/m17cxx/SymbolEvm.h
-- Installing: $PREFIX/include/m17cxx/ax25_frame.h
-- Installing: $PREFIX/include/m17cxx/Convolution.h
-- Installing: $PREFIX/include/m17cxx/PolynomialInterleaver.h
-- Installing: $PREFIX/include/m17cxx/PhaseEstimator.h
-- Installing: $PREFIX/include/m17cxx/M17Demodulator.h
-- Installing: $PREFIX/include/m17cxx/SlidingDFT.h
-- Installing: $PREFIX/include/m17cxx/M17FrameDecoder.h
-- Installing: $PREFIX/include/m17cxx/Golay24.h
-- Installing: $PREFIX/include/m17cxx/Fsk4Demod.h
-- Installing: $PREFIX/include/m17cxx/IirFilter.h
-- Installing: $PREFIX/include/m17cxx/M17Randomizer.h
-- Installing: $PREFIX/include/m17cxx/DataCarrierDetect.h
-- Installing: $PREFIX/bin/m17-demod
-- Set runtime path of "$PREFIX/bin/m17-demod" to ""
-- Installing: $PREFIX/bin/m17-mod
-- Set runtime path of "$PREFIX/bin/m17-mod" to ""
Test project $SRC_DIR/build
      Start  1: ConvolutionTest.convolve
      Start  2: ConvolutionTest.convolve_bit
      Start  3: M17FramerTest.construct
      Start  4: TrellisTest.toBitArray
      Start  5: TrellisTest.puncture_depuncture
      Start  6: TrellisTest.construct
      Start  7: ViterbiTest.construct
      Start  8: ViterbiTest.makeNextState
      Start  9: ViterbiTest.makePrevState
      Start 10: ViterbiTest.makeCost
      Start 11: ViterbiTest.makeCostLLR
      Start 12: ViterbiTest.decode
 1/73 Test  #1: ConvolutionTest.convolve .........................   Passed    0.01 sec
      Start 13: ViterbiTest.decode_ber_1
 2/73 Test  #2: ConvolutionTest.convolve_bit .....................   Passed    0.01 sec
      Start 14: ViterbiTest.decode_ber_llr
 3/73 Test  #3: M17FramerTest.construct ..........................   Passed    0.01 sec
      Start 15: ViterbiTest.decode_ber_lsf
 4/73 Test  #4: TrellisTest.toBitArray ...........................   Passed    0.01 sec
      Start 16: ViterbiTest.decode_depuncture_lsf
 5/73 Test  #5: TrellisTest.puncture_depuncture ..................   Passed    0.01 sec
      Start 17: ViterbiTest.decode_depuncture_lsf_1_error
 6/73 Test  #6: TrellisTest.construct ............................   Passed    0.01 sec
      Start 18: ViterbiTest.decode_llr4_1_error
 7/73 Test  #7: ViterbiTest.construct ............................   Passed    0.01 sec
      Start 19: Golay24Test.encode24
 8/73 Test  #8: ViterbiTest.makeNextState ........................   Passed    0.01 sec
      Start 20: Golay24Test.decode24
 9/73 Test  #9: ViterbiTest.makePrevState ........................   Passed    0.01 sec
      Start 21: Golay24Test.decode_corrupted_1
10/73 Test #10: ViterbiTest.makeCost .............................   Passed    0.01 sec
      Start 22: Golay24Test.decode_corrupted_2
11/73 Test #11: ViterbiTest.makeCostLLR ..........................   Passed    0.01 sec
      Start 23: Golay24Test.decode_corrupted_3
12/73 Test #12: ViterbiTest.decode ...............................   Passed    0.01 sec
      Start 24: Golay24Test.decode_corrupted_4
13/73 Test #13: ViterbiTest.decode_ber_1 .........................   Passed    0.01 sec
      Start 25: Golay24Test.syndrome_map
14/73 Test #14: ViterbiTest.decode_ber_llr .......................   Passed    0.01 sec
      Start 26: Golay24Test.decode_map
15/73 Test #15: ViterbiTest.decode_ber_lsf .......................   Passed    0.01 sec
      Start 27: Golay24Test.interop
16/73 Test #17: ViterbiTest.decode_depuncture_lsf_1_error ........   Passed    0.01 sec
      Start 28: CRC16Test.init
17/73 Test #18: ViterbiTest.decode_llr4_1_error ..................   Passed    0.01 sec
      Start 29: CRC16Test.A
18/73 Test #19: Golay24Test.encode24 .............................   Passed    0.01 sec
      Start 30: CRC16Test.numbers
19/73 Test #20: Golay24Test.decode24 .............................   Passed    0.01 sec
      Start 31: CRC16Test.all
20/73 Test #21: Golay24Test.decode_corrupted_1 ...................   Passed    0.01 sec
      Start 32: M17RandomizerTest.zero_bytes
21/73 Test #22: Golay24Test.decode_corrupted_2 ...................   Passed    0.01 sec
      Start 33: M17RandomizerTest.one_bytes
22/73 Test #23: Golay24Test.decode_corrupted_3 ...................   Passed    0.01 sec
      Start 34: PolynomialInterleaverTest.byte_bit_interleaver
23/73 Test #24: Golay24Test.decode_corrupted_4 ...................   Passed    0.01 sec
      Start 35: PolynomialInterleaverTest.reinterleave
24/73 Test #25: Golay24Test.syndrome_map .........................   Passed    0.01 sec
      Start 36: PolynomialInterleaverTest.deinterleave
25/73 Test #26: Golay24Test.decode_map ...........................   Passed    0.01 sec
      Start 37: M17ModulatorTest.construct
26/73 Test #27: Golay24Test.interop ..............................   Passed    0.01 sec
      Start 38: M17ModulatorTest.run
27/73 Test #28: CRC16Test.init ...................................   Passed    0.01 sec
      Start 39: UtilTest.get_bit_index
28/73 Test #29: CRC16Test.A ......................................   Passed    0.01 sec
      Start 40: UtilTest.set_bit_index
29/73 Test #30: CRC16Test.numbers ................................   Passed    0.01 sec
      Start 41: UtilTest.reset_bit_index
30/73 Test #31: CRC16Test.all ....................................   Passed    0.01 sec
      Start 42: UtilTest.assign_bit_index
31/73 Test #32: M17RandomizerTest.zero_bytes .....................   Passed    0.01 sec
      Start 43: UtilTest.puncture_bytes
32/73 Test #33: M17RandomizerTest.one_bytes ......................   Passed    0.01 sec
      Start 44: UtilTest.llr_size
33/73 Test #34: PolynomialInterleaverTest.byte_bit_interleaver ...   Passed    0.01 sec
      Start 45: UtilTest.llr_not_zero
34/73 Test #35: PolynomialInterleaverTest.reinterleave ...........   Passed    0.01 sec
      Start 46: UtilTest.llr_near_zero
35/73 Test #36: PolynomialInterleaverTest.deinterleave ...........   Passed    0.01 sec
      Start 47: UtilTest.llr_near_one
36/73 Test #37: M17ModulatorTest.construct .......................   Passed    0.01 sec
      Start 48: UtilTest.llr_near_two
37/73 Test #38: M17ModulatorTest.run .............................   Passed    0.01 sec
      Start 49: UtilTest.llr_near_minus_one
38/73 Test #39: UtilTest.get_bit_index ...........................   Passed    0.01 sec
      Start 50: UtilTest.llr_near_minus_two
39/73 Test #40: UtilTest.set_bit_index ...........................   Passed    0.01 sec
      Start 51: UtilTest.PRBS9
40/73 Test #41: UtilTest.reset_bit_index .........................   Passed    0.01 sec
      Start 52: UtilTest.BERT_first_frame
41/73 Test #42: UtilTest.assign_bit_index ........................   Passed    0.01 sec
      Start 53: UtilTest.PRBS9_FULL
42/73 Test #43: UtilTest.puncture_bytes ..........................   Passed    0.01 sec
      Start 54: LinkSetupFrameTest.encode_callsign
43/73 Test #44: UtilTest.llr_size ................................   Passed    0.01 sec
      Start 55: LinkSetupFrameTest.decode_callsign
44/73 Test #45: UtilTest.llr_not_zero ............................   Passed    0.01 sec
      Start 56: LinkSetupFrameTest.decode_callsign_2
45/73 Test #46: UtilTest.llr_near_zero ...........................   Passed    0.01 sec
      Start 57: SlidingDFTTest.construct
46/73 Test #47: UtilTest.llr_near_one ............................   Passed    0.01 sec
      Start 58: SlidingDFTTest.dft_3000hz_square
47/73 Test #48: UtilTest.llr_near_two ............................   Passed    0.01 sec
      Start 59: SlidingDFTTest.dft_3000Hz_sine
48/73 Test #49: UtilTest.llr_near_minus_one ......................   Passed    0.01 sec
      Start 60: SlidingDFTTest.dft_2000Hz_square
49/73 Test #50: UtilTest.llr_near_minus_two ......................   Passed    0.01 sec
      Start 61: SlidingDFTTest.ndft_2000Hz_square
50/73 Test #51: UtilTest.PRBS9 ...................................   Passed    0.01 sec
      Start 62: DataCarrierDetectTest.construct
51/73 Test #52: UtilTest.BERT_first_frame ........................   Passed    0.01 sec
      Start 63: DataCarrierDetectTest.dcd
52/73 Test #53: UtilTest.PRBS9_FULL ..............................   Passed    0.01 sec
      Start 64: DataCarrierDetectTest.dcd_off
53/73 Test #54: LinkSetupFrameTest.encode_callsign ...............   Passed    0.01 sec
      Start 65: ClockRecoveryTest.construct
54/73 Test #55: LinkSetupFrameTest.decode_callsign ...............   Passed    0.01 sec
      Start 66: ClockRecoveryTest.recover_preamble
55/73 Test #56: LinkSetupFrameTest.decode_callsign_2 .............   Passed    0.01 sec
      Start 67: ClockRecoveryTest.all_phases
56/73 Test #57: SlidingDFTTest.construct .........................   Passed    0.01 sec
      Start 68: FreqDevEstimatorTest.construct
57/73 Test #58: SlidingDFTTest.dft_3000hz_square .................   Passed    0.01 sec
      Start 69: FreqDevEstimatorTest.fde_preamble
58/73 Test #59: SlidingDFTTest.dft_3000Hz_sine ...................   Passed    0.01 sec
      Start 70: FreqDevEstimatorTest.fde_mixed
59/73 Test #60: SlidingDFTTest.dft_2000Hz_square .................   Passed    0.01 sec
      Start 71: CorrelatorTest.construct
60/73 Test #61: SlidingDFTTest.ndft_2000Hz_square ................   Passed    0.01 sec
      Start 72: CorrelatorTest.recover_preamble
61/73 Test #62: DataCarrierDetectTest.construct ..................   Passed    0.01 sec
      Start 73: CorrelatorTest.all_phases
62/73 Test #63: DataCarrierDetectTest.dcd ........................   Passed    0.01 sec
63/73 Test #64: DataCarrierDetectTest.dcd_off ....................   Passed    0.01 sec
64/73 Test #65: ClockRecoveryTest.construct ......................   Passed    0.01 sec
65/73 Test #66: ClockRecoveryTest.recover_preamble ...............   Passed    0.01 sec
66/73 Test #67: ClockRecoveryTest.all_phases .....................   Passed    0.01 sec
67/73 Test #68: FreqDevEstimatorTest.construct ...................   Passed    0.01 sec
68/73 Test #69: FreqDevEstimatorTest.fde_preamble ................   Passed    0.01 sec
69/73 Test #70: FreqDevEstimatorTest.fde_mixed ...................   Passed    0.00 sec
70/73 Test #71: CorrelatorTest.construct .........................   Passed    0.00 sec
71/73 Test #72: CorrelatorTest.recover_preamble ..................   Passed    0.00 sec
72/73 Test #73: CorrelatorTest.all_phases ........................   Passed    0.00 sec
73/73 Test #16: ViterbiTest.decode_depuncture_lsf ................   Passed    0.15 sec

100% tests passed, 0 tests failed out of 73

Total Test time (real) =   0.16 sec

Resource usage statistics from building m17-cxx-demod:
   Process count: 39
   CPU time: Sys=0:00:02.8, User=0:00:55.7
   Memory: 1.7G
   Disk usage: 4.6K
   Time elapsed: 0:00:12.2


Packaging m17-cxx-demod
INFO:conda_build.build:Packaging m17-cxx-demod
INFO conda_build.build:build(2294): Packaging m17-cxx-demod
Packaging m17-cxx-demod-2.3-h3fd9d12_0
INFO:conda_build.build:Packaging m17-cxx-demod-2.3-h3fd9d12_0
INFO conda_build.build:bundle_conda(1534): Packaging m17-cxx-demod-2.3-h3fd9d12_0
Unknown format
Unknown format
Unknown format
Unknown format
Binary doesn't have a program header
Binary doesn't have a program header
Unknown format
Unknown format
Unknown format
Unknown format
Binary doesn't have a program header
Binary doesn't have a program header
Unknown format
Unknown format
Unknown format
Unknown format
Unknown format
Unknown format
Unknown format
Unknown format
Unknown format
Binary doesn't have a program header
Binary doesn't have a program header
Unknown format
Unknown format
Unknown format
Unknown format
Unknown format
Unknown format
Unknown format
Unknown format
Unknown format
Unknown format
Unknown format
Unknown format
Unknown format
Unknown format
Unknown format
Unknown format
Unknown format
Unknown format
Unknown format
number of files: 35
Warning: rpath /home/dcherkus/radioconda/envs/m17env/lib is outside prefix /home/dcherkus/radioconda/envs/m17env/conda-bld/m17-cxx-demod_1645888486162/_h_env_placehold_placehold_placehold_placehold_placehold_placehold_placehold_placehold_placehold_placehold_placehold_placehold_placehold_placehold_placehold_placehold_placehold_pl (removing it)
Warning: rpath /home/dcherkus/radioconda/envs/m17env/conda-bld/m17-cxx-demod_1645888486162/_build_env/lib is outside prefix /home/dcherkus/radioconda/envs/m17env/conda-bld/m17-cxx-demod_1645888486162/_h_env_placehold_placehold_placehold_placehold_placehold_placehold_placehold_placehold_placehold_placehold_placehold_placehold_placehold_placehold_placehold_placehold_placehold_pl (removing it)
Warning: rpath /home/dcherkus/radioconda/envs/m17env/lib is outside prefix /home/dcherkus/radioconda/envs/m17env/conda-bld/m17-cxx-demod_1645888486162/_h_env_placehold_placehold_placehold_placehold_placehold_placehold_placehold_placehold_placehold_placehold_placehold_placehold_placehold_placehold_placehold_placehold_placehold_pl (removing it)
Warning: rpath /home/dcherkus/radioconda/envs/m17env/conda-bld/m17-cxx-demod_1645888486162/_build_env/lib is outside prefix /home/dcherkus/radioconda/envs/m17env/conda-bld/m17-cxx-demod_1645888486162/_h_env_placehold_placehold_placehold_placehold_placehold_placehold_placehold_placehold_placehold_placehold_placehold_placehold_placehold_placehold_placehold_placehold_placehold_pl (removing it)
WARNING :: Failed to get_static_lib_exports(/home/dcherkus/radioconda/envs/m17env/conda-bld/m17-cxx-demod_1645888486162/_h_env_placehold_placehold_placehold_placehold_placehold_placehold_placehold_placehold_placehold_placehold_placehold_placehold_placehold_placehold_placehold_placehold_placehold_pl/lib/libboost_exception.a)
WARNING :: Failed to get_static_lib_exports(/home/dcherkus/radioconda/envs/m17env/conda-bld/m17-cxx-demod_1645888486162/_h_env_placehold_placehold_placehold_placehold_placehold_placehold_placehold_placehold_placehold_placehold_placehold_placehold_placehold_placehold_placehold_placehold_placehold_pl/lib/libboost_test_exec_monitor.a)
WARNING :: Failed to get_static_lib_exports(/home/dcherkus/radioconda/envs/m17env/conda-bld/m17-cxx-demod_1645888486162/_h_env_placehold_placehold_placehold_placehold_placehold_placehold_placehold_placehold_placehold_placehold_placehold_placehold_placehold_placehold_placehold_placehold_placehold_pl/lib/libbz2.a)
WARNING :: Failed to get_static_lib_exports(/home/dcherkus/radioconda/envs/m17env/conda-bld/m17-cxx-demod_1645888486162/_build_env/x86_64-conda-linux-gnu/sysroot/usr/lib64/libbsd-compat.a)
WARNING :: Failed to get_static_lib_exports(/home/dcherkus/radioconda/envs/m17env/conda-bld/m17-cxx-demod_1645888486162/_build_env/x86_64-conda-linux-gnu/sysroot/usr/lib64/libcrypt.a)
WARNING :: Failed to get_static_lib_exports(/home/dcherkus/radioconda/envs/m17env/conda-bld/m17-cxx-demod_1645888486162/_build_env/x86_64-conda-linux-gnu/sysroot/usr/lib64/libresolv.a)
WARNING :: Failed to get_static_lib_exports(/home/dcherkus/radioconda/envs/m17env/conda-bld/m17-cxx-demod_1645888486162/_build_env/x86_64-conda-linux-gnu/sysroot/usr/lib64/libpthread.a)
WARNING :: Failed to get_static_lib_exports(/home/dcherkus/radioconda/envs/m17env/conda-bld/m17-cxx-demod_1645888486162/_build_env/x86_64-conda-linux-gnu/sysroot/usr/lib64/libanl.a)
WARNING :: Failed to get_static_lib_exports(/home/dcherkus/radioconda/envs/m17env/conda-bld/m17-cxx-demod_1645888486162/_build_env/x86_64-conda-linux-gnu/sysroot/usr/lib64/libm.a)
WARNING :: Failed to get_static_lib_exports(/home/dcherkus/radioconda/envs/m17env/conda-bld/m17-cxx-demod_1645888486162/_build_env/x86_64-conda-linux-gnu/sysroot/usr/lib64/librt.a)
WARNING :: Failed to get_static_lib_exports(/home/dcherkus/radioconda/envs/m17env/conda-bld/m17-cxx-demod_1645888486162/_build_env/x86_64-conda-linux-gnu/sysroot/usr/lib64/librpcsvc.a)
WARNING :: Failed to get_static_lib_exports(/home/dcherkus/radioconda/envs/m17env/conda-bld/m17-cxx-demod_1645888486162/_build_env/x86_64-conda-linux-gnu/sysroot/usr/lib64/libutil.a)
WARNING :: Failed to get_static_lib_exports(/home/dcherkus/radioconda/envs/m17env/conda-bld/m17-cxx-demod_1645888486162/_build_env/x86_64-conda-linux-gnu/sysroot/usr/lib64/libpthread_nonshared.a)
WARNING :: Failed to get_static_lib_exports(/home/dcherkus/radioconda/envs/m17env/conda-bld/m17-cxx-demod_1645888486162/_build_env/x86_64-conda-linux-gnu/sysroot/usr/lib64/libc.a)
WARNING :: Failed to get_static_lib_exports(/home/dcherkus/radioconda/envs/m17env/conda-bld/m17-cxx-demod_1645888486162/_build_env/x86_64-conda-linux-gnu/sysroot/usr/lib64/libBrokenLocale.a)
WARNING :: Failed to get_static_lib_exports(/home/dcherkus/radioconda/envs/m17env/conda-bld/m17-cxx-demod_1645888486162/_build_env/x86_64-conda-linux-gnu/sysroot/usr/lib64/libc_nonshared.a)
WARNING :: Failed to get_static_lib_exports(/home/dcherkus/radioconda/envs/m17env/conda-bld/m17-cxx-demod_1645888486162/_build_env/x86_64-conda-linux-gnu/sysroot/usr/lib64/libdl.a)
WARNING :: Failed to get_static_lib_exports(/home/dcherkus/radioconda/envs/m17env/conda-bld/m17-cxx-demod_1645888486162/_build_env/lib/libctf.a)
WARNING :: Failed to get_static_lib_exports(/home/dcherkus/radioconda/envs/m17env/conda-bld/m17-cxx-demod_1645888486162/_build_env/lib/libncurses++.a)
WARNING :: Failed to get_static_lib_exports(/home/dcherkus/radioconda/envs/m17env/conda-bld/m17-cxx-demod_1645888486162/_build_env/lib/libbfd.a)
WARNING :: Failed to get_static_lib_exports(/home/dcherkus/radioconda/envs/m17env/conda-bld/m17-cxx-demod_1645888486162/_build_env/lib/libtkstub8.6.a)
WARNING :: Failed to get_static_lib_exports(/home/dcherkus/radioconda/envs/m17env/conda-bld/m17-cxx-demod_1645888486162/_build_env/lib/libz.a)
WARNING :: Failed to get_static_lib_exports(/home/dcherkus/radioconda/envs/m17env/conda-bld/m17-cxx-demod_1645888486162/_build_env/lib/libtclstub8.6.a)
WARNING :: Failed to get_static_lib_exports(/home/dcherkus/radioconda/envs/m17env/conda-bld/m17-cxx-demod_1645888486162/_build_env/lib/libopcodes.a)
WARNING :: Failed to get_static_lib_exports(/home/dcherkus/radioconda/envs/m17env/conda-bld/m17-cxx-demod_1645888486162/_build_env/lib/libexpat.a)
WARNING :: Failed to get_static_lib_exports(/home/dcherkus/radioconda/envs/m17env/conda-bld/m17-cxx-demod_1645888486162/_build_env/lib/libuv.a)
WARNING :: Failed to get_static_lib_exports(/home/dcherkus/radioconda/envs/m17env/conda-bld/m17-cxx-demod_1645888486162/_build_env/lib/libctf-nobfd.a)
WARNING :: Failed to get_static_lib_exports(/home/dcherkus/radioconda/envs/m17env/conda-bld/m17-cxx-demod_1645888486162/_build_env/lib/libncurses++w.a)
WARNING :: Failed to get_static_lib_exports(/home/dcherkus/radioconda/envs/m17env/conda-bld/m17-cxx-demod_1645888486162/_build_env/lib/tdbc1.1.3/libtdbcstub1.1.3.a)
WARNING :: Failed to get_static_lib_exports(/home/dcherkus/radioconda/envs/m17env/conda-bld/m17-cxx-demod_1645888486162/_build_env/lib/gcc/x86_64-conda-linux-gnu/11.2.0/libstdc++.a)
WARNING :: Failed to get_static_lib_exports(/home/dcherkus/radioconda/envs/m17env/conda-bld/m17-cxx-demod_1645888486162/_build_env/lib/gcc/x86_64-conda-linux-gnu/11.2.0/libgcc_eh.a)
WARNING :: Failed to get_static_lib_exports(/home/dcherkus/radioconda/envs/m17env/conda-bld/m17-cxx-demod_1645888486162/_build_env/lib/gcc/x86_64-conda-linux-gnu/11.2.0/libgcc.a)
WARNING :: Failed to get_static_lib_exports(/home/dcherkus/radioconda/envs/m17env/conda-bld/m17-cxx-demod_1645888486162/_build_env/lib/gcc/x86_64-conda-linux-gnu/11.2.0/libstdc++fs.a)
WARNING :: Failed to get_static_lib_exports(/home/dcherkus/radioconda/envs/m17env/conda-bld/m17-cxx-demod_1645888486162/_build_env/lib/gcc/x86_64-conda-linux-gnu/11.2.0/libsupc++.a)
WARNING :: Failed to get_static_lib_exports(/home/dcherkus/radioconda/envs/m17env/conda-bld/m17-cxx-demod_1645888486162/_build_env/lib/gcc/x86_64-conda-linux-gnu/11.2.0/libiberty.a)
WARNING :: Failed to get_static_lib_exports(/home/dcherkus/radioconda/envs/m17env/conda-bld/m17-cxx-demod_1645888486162/_build_env/lib/gcc/x86_64-conda-linux-gnu/11.2.0/libgcov.a)
Unknown format
Importing conda-verify failed.  Please be sure to test your packages.  conda install conda-verify to make this message go away.
WARNING:conda_build.build:Importing conda-verify failed.  Please be sure to test your packages.  conda install conda-verify to make this message go away.
WARNING conda_build.build:bundle_conda(1707): Importing conda-verify failed.  Please be sure to test your packages.  conda install conda-verify to make this message go away.
WARNING :: Failed to get_static_lib_exports(/home/dcherkus/radioconda/envs/m17env/conda-bld/m17-cxx-demod_1645888486162/_build_env/lib/itcl4.2.2/libitclstub4.2.2.a)
   INFO: sysroot: '/home/dcherkus/radioconda/envs/m17env/conda-bld/m17-cxx-demod_1645888486162/_build_env/x86_64-conda-linux-gnu/sysroot/' files: '['/home/dcherkus/radioconda/envs/m17env/conda-bld/m17-cxx-demod_1645888486162/_build_env/x86_64-conda-linux-gnu/sysroot/usr/share/zoneinfo/zone.tab', '/home/dcherkus/radioconda/envs/m17env/conda-bld/m17-cxx-demod_1645888486162/_build_env/x86_64-conda-linux-gnu/sysroot/usr/share/zoneinfo/tzdata.zi', '/home/dcherkus/radioconda/envs/m17env/conda-bld/m17-cxx-demod_1645888486162/_build_env/x86_64-conda-linux-gnu/sysroot/usr/share/zoneinfo/right/Zulu', '/home/dcherkus/radioconda/envs/m17env/conda-bld/m17-cxx-demod_1645888486162/_build_env/x86_64-conda-linux-gnu/sysroot/usr/share/zoneinfo/right/WET']'
   INFO (m17-cxx-demod,bin/m17-mod): Needed DSO lib/libcodec2.so.1.0 found in conda-forge::libcodec2-1.0.3-h7f98852_0
   INFO (m17-cxx-demod,bin/m17-mod): Needed DSO lib/libboost_program_options.so.1.77.0 found in conda-forge::boost-cpp-1.77.0-h359cf19_1
   INFO (m17-cxx-demod,bin/m17-mod): Needed DSO lib/libstdc++.so.6 found in conda-forge::libstdcxx-ng-11.2.0-he4da1e4_12
   INFO (m17-cxx-demod,bin/m17-mod): Needed DSO lib/libgcc_s.so.1 found in conda-forge::libgcc-ng-11.2.0-h1d223b6_12
   INFO (m17-cxx-demod,bin/m17-mod): Needed DSO x86_64-conda-linux-gnu/sysroot/lib64/libpthread.so.0 found in CDT/compiler package conda-forge::sysroot_linux-64-2.12-he073ed8_15
   INFO (m17-cxx-demod,bin/m17-mod): Needed DSO x86_64-conda-linux-gnu/sysroot/lib64/libc.so.6 found in CDT/compiler package conda-forge::sysroot_linux-64-2.12-he073ed8_15
   INFO (m17-cxx-demod,bin/m17-demod): Needed DSO lib/libcodec2.so.1.0 found in conda-forge::libcodec2-1.0.3-h7f98852_0
   INFO (m17-cxx-demod,bin/m17-demod): Needed DSO lib/libboost_program_options.so.1.77.0 found in conda-forge::boost-cpp-1.77.0-h359cf19_1
   INFO (m17-cxx-demod,bin/m17-demod): Needed DSO lib/libstdc++.so.6 found in conda-forge::libstdcxx-ng-11.2.0-he4da1e4_12
   INFO (m17-cxx-demod,bin/m17-demod): Needed DSO x86_64-conda-linux-gnu/sysroot/lib64/libm.so.6 found in CDT/compiler package conda-forge::sysroot_linux-64-2.12-he073ed8_15
   INFO (m17-cxx-demod,bin/m17-demod): Needed DSO lib/libgcc_s.so.1 found in conda-forge::libgcc-ng-11.2.0-h1d223b6_12
   INFO (m17-cxx-demod,bin/m17-demod): Needed DSO x86_64-conda-linux-gnu/sysroot/lib64/libc.so.6 found in CDT/compiler package conda-forge::sysroot_linux-64-2.12-he073ed8_15
WARNING (m17-cxx-demod): run-exports library package conda-forge::codec2-1.0.3-h7f98852_0 in requirements/run but it is not used (i.e. it is overdepending or perhaps statically linked? If that is what you want then add it to `build/ignore_run_exports`)
Fixing permissions
Packaged license file/s.
INFO :: Time taken to mark (prefix)
        0 replacements in 0 files was 0.01 seconds
TEST START: /home/dcherkus/radioconda/envs/m17env/conda-bld/linux-64/m17-cxx-demod-2.3-h3fd9d12_0.tar.bz2
Renaming work directory '/home/dcherkus/radioconda/envs/m17env/conda-bld/m17-cxx-demod_1645888486162/work' to '/home/dcherkus/radioconda/envs/m17env/conda-bld/m17-cxx-demod_1645888486162/work_moved_m17-cxx-demod-2.3-h3fd9d12_0_linux-64'
INFO:conda_build.utils:Renaming work directory '/home/dcherkus/radioconda/envs/m17env/conda-bld/m17-cxx-demod_1645888486162/work' to '/home/dcherkus/radioconda/envs/m17env/conda-bld/m17-cxx-demod_1645888486162/work_moved_m17-cxx-demod-2.3-h3fd9d12_0_linux-64'
INFO conda_build.utils:shutil_move_more_retrying(2091): Renaming work directory '/home/dcherkus/radioconda/envs/m17env/conda-bld/m17-cxx-demod_1645888486162/work' to '/home/dcherkus/radioconda/envs/m17env/conda-bld/m17-cxx-demod_1645888486162/work_moved_m17-cxx-demod-2.3-h3fd9d12_0_linux-64'
shutil.move(work)=/home/dcherkus/radioconda/envs/m17env/conda-bld/m17-cxx-demod_1645888486162/work, dest=/home/dcherkus/radioconda/envs/m17env/conda-bld/m17-cxx-demod_1645888486162/work_moved_m17-cxx-demod-2.3-h3fd9d12_0_linux-64)
INFO:conda_build.utils:shutil.move(work)=/home/dcherkus/radioconda/envs/m17env/conda-bld/m17-cxx-demod_1645888486162/work, dest=/home/dcherkus/radioconda/envs/m17env/conda-bld/m17-cxx-demod_1645888486162/work_moved_m17-cxx-demod-2.3-h3fd9d12_0_linux-64)
INFO conda_build.utils:shutil_move_more_retrying(2098): shutil.move(work)=/home/dcherkus/radioconda/envs/m17env/conda-bld/m17-cxx-demod_1645888486162/work, dest=/home/dcherkus/radioconda/envs/m17env/conda-bld/m17-cxx-demod_1645888486162/work_moved_m17-cxx-demod-2.3-h3fd9d12_0_linux-64)
Collecting package metadata (repodata.json): ...working... done
Solving environment: ...working... done

## Package Plan ##

  environment location: /home/dcherkus/radioconda/envs/m17env/conda-bld/m17-cxx-demod_1645888486162/_test_env_placehold_placehold_placehold_placehold_placehold_placehold_placehold_placehold_placehold_placehold_placehold_placehold_placehold_placehold_placehold_placehold_placeho


The following NEW packages will be INSTALLED:

    _libgcc_mutex: 0.1-conda_forge      conda-forge
    _openmp_mutex: 4.5-1_gnu            conda-forge
    boost-cpp:     1.77.0-h359cf19_1    conda-forge
    bzip2:         1.0.8-h7f98852_4     conda-forge
    codec2:        1.0.3-h7f98852_0     conda-forge
    gmock:         1.10.0-h4bd325d_7    conda-forge
    gtest:         1.10.0-h4bd325d_7    conda-forge
    icu:           69.1-h9c3ff4c_0      conda-forge
    libcodec2:     1.0.3-h7f98852_0     conda-forge
    libgcc-ng:     11.2.0-h1d223b6_12   conda-forge
    libgomp:       11.2.0-h1d223b6_12   conda-forge
    libstdcxx-ng:  11.2.0-he4da1e4_12   conda-forge
    libzlib:       1.2.11-h36c2ea0_1013 conda-forge
    lz4-c:         1.9.3-h9c3ff4c_1     conda-forge
    m17-cxx-demod: 2.3-h3fd9d12_0       local      
    xz:            5.2.5-h516909a_1     conda-forge
    zstd:          1.5.2-ha95c52a_0     conda-forge

Preparing transaction: ...working... done
Verifying transaction: ...working... 
ClobberWarning: This transaction has incompatible packages due to a shared path.
  packages: conda-forge/linux-64::gtest-1.10.0-h4bd325d_7, conda-forge/linux-64::gmock-1.10.0-h4bd325d_7
  path: 'lib/cmake/GTest/GTestConfig.cmake'


ClobberWarning: This transaction has incompatible packages due to a shared path.
  packages: conda-forge/linux-64::gtest-1.10.0-h4bd325d_7, conda-forge/linux-64::gmock-1.10.0-h4bd325d_7
  path: 'lib/cmake/GTest/GTestConfigVersion.cmake'


ClobberWarning: This transaction has incompatible packages due to a shared path.
  packages: conda-forge/linux-64::gtest-1.10.0-h4bd325d_7, conda-forge/linux-64::gmock-1.10.0-h4bd325d_7
  path: 'lib/cmake/GTest/GTestTargets-release.cmake'


ClobberWarning: This transaction has incompatible packages due to a shared path.
  packages: conda-forge/linux-64::gtest-1.10.0-h4bd325d_7, conda-forge/linux-64::gmock-1.10.0-h4bd325d_7
  path: 'lib/cmake/GTest/GTestTargets.cmake'



done
Executing transaction: ...working... 
ClobberWarning: Conda was asked to clobber an existing path.
  source path: /home/dcherkus/radioconda/envs/m17env/pkgs/gmock-1.10.0-h4bd325d_7/lib/cmake/GTest/GTestConfig.cmake
  target path: /home/dcherkus/radioconda/envs/m17env/conda-bld/m17-cxx-demod_1645888486162/_test_env_placehold_placehold_placehold_placehold_placehold_placehold_placehold_placehold_placehold_placehold_placehold_placehold_placehold_placehold_placehold_placehold_placeho/lib/cmake/GTest/GTestConfig.cmake




ClobberWarning: Conda was asked to clobber an existing path.
  source path: /home/dcherkus/radioconda/envs/m17env/pkgs/gmock-1.10.0-h4bd325d_7/lib/cmake/GTest/GTestConfigVersion.cmake
  target path: /home/dcherkus/radioconda/envs/m17env/conda-bld/m17-cxx-demod_1645888486162/_test_env_placehold_placehold_placehold_placehold_placehold_placehold_placehold_placehold_placehold_placehold_placehold_placehold_placehold_placehold_placehold_placehold_placeho/lib/cmake/GTest/GTestConfigVersion.cmake




ClobberWarning: Conda was asked to clobber an existing path.
  source path: /home/dcherkus/radioconda/envs/m17env/pkgs/gmock-1.10.0-h4bd325d_7/lib/cmake/GTest/GTestTargets-release.cmake
  target path: /home/dcherkus/radioconda/envs/m17env/conda-bld/m17-cxx-demod_1645888486162/_test_env_placehold_placehold_placehold_placehold_placehold_placehold_placehold_placehold_placehold_placehold_placehold_placehold_placehold_placehold_placehold_placehold_placeho/lib/cmake/GTest/GTestTargets-release.cmake




ClobberWarning: Conda was asked to clobber an existing path.
  source path: /home/dcherkus/radioconda/envs/m17env/pkgs/gmock-1.10.0-h4bd325d_7/lib/cmake/GTest/GTestTargets.cmake
  target path: /home/dcherkus/radioconda/envs/m17env/conda-bld/m17-cxx-demod_1645888486162/_test_env_placehold_placehold_placehold_placehold_placehold_placehold_placehold_placehold_placehold_placehold_placehold_placehold_placehold_placehold_placehold_placehold_placeho/lib/cmake/GTest/GTestTargets.cmake



done
+ m17-mod --help
+ '[' '' -gt 1 ']'
/home/dcherkus/radioconda/envs/m17env/conda-bld/m17-cxx-demod_1645888486162/test_tmp/run_test.sh: line 7: [: : integer expression expected
+ m17-demod --help
+ '[' '' -gt 1 ']'
/home/dcherkus/radioconda/envs/m17env/conda-bld/m17-cxx-demod_1645888486162/test_tmp/run_test.sh: line 8: [: : integer expression expected
+ test -f /home/dcherkus/radioconda/envs/m17env/conda-bld/m17-cxx-demod_1645888486162/_test_env_placehold_placehold_placehold_placehold_placehold_placehold_placehold_placehold_placehold_placehold_placehold_placehold_placehold_placehold_placehold_placehold_placeho/include/m17cxx/M17Modulator.h
+ exit 0
export PREFIX=/home/dcherkus/radioconda/envs/m17env/conda-bld/m17-cxx-demod_1645888486162/_test_env_placehold_placehold_placehold_placehold_placehold_placehold_placehold_placehold_placehold_placehold_placehold_placehold_placehold_placehold_placehold_placehold_placeho
export SRC_DIR=/home/dcherkus/radioconda/envs/m17env/conda-bld/m17-cxx-demod_1645888486162/test_tmp
INFO: deactivate-gxx_linux-64.sh made the following environmental changes:
-CXXFLAGS=-fvisibility-inlines-hidden -fmessage-length=0 -march=nocona -mtune=haswell -ftree-vectorize -fPIC -fstack-protector-strong -fno-plt -O2 -ffunction-sections -pipe -isystem /home/dcherkus/radioconda/envs/m17env/include
-CXX_FOR_BUILD=/home/dcherkus/radioconda/envs/m17env/bin/x86_64-conda-linux-gnu-c++
-CXX=/home/dcherkus/radioconda/envs/m17env/bin/x86_64-conda-linux-gnu-c++
-DEBUG_CXXFLAGS=-fvisibility-inlines-hidden -fmessage-length=0 -march=nocona -mtune=haswell -ftree-vectorize -fPIC -fstack-protector-all -fno-plt -Og -g -Wall -Wextra -fvar-tracking-assignments -ffunction-sections -pipe -isystem /home/dcherkus/radioconda/envs/m17env/include
-GXX=/home/dcherkus/radioconda/envs/m17env/bin/x86_64-conda-linux-gnu-g++
INFO: deactivate-gcc_linux-64.sh made the following environmental changes:
-build_alias=x86_64-conda-linux-gnu
-BUILD=x86_64-conda-linux-gnu
-CC_FOR_BUILD=/home/dcherkus/radioconda/envs/m17env/bin/x86_64-conda-linux-gnu-cc
-CC=/home/dcherkus/radioconda/envs/m17env/bin/x86_64-conda-linux-gnu-cc
-CFLAGS=-march=nocona -mtune=haswell -ftree-vectorize -fPIC -fstack-protector-strong -fno-plt -O2 -ffunction-sections -pipe -isystem /home/dcherkus/radioconda/envs/m17env/include
-CMAKE_ARGS=-DCMAKE_AR=/home/dcherkus/radioconda/envs/m17env/bin/x86_64-conda-linux-gnu-ar -DCMAKE_CXX_COMPILER_AR=/home/dcherkus/radioconda/envs/m17env/bin/x86_64-conda-linux-gnu-gcc-ar -DCMAKE_C_COMPILER_AR=/home/dcherkus/radioconda/envs/m17env/bin/x86_64-conda-linux-gnu-gcc-ar -DCMAKE_RANLIB=/home/dcherkus/radioconda/envs/m17env/bin/x86_64-conda-linux-gnu-ranlib -DCMAKE_CXX_COMPILER_RANLIB=/home/dcherkus/radioconda/envs/m17env/bin/x86_64-conda-linux-gnu-gcc-ranlib -DCMAKE_C_COMPILER_RANLIB=/home/dcherkus/radioconda/envs/m17env/bin/x86_64-conda-linux-gnu-gcc-ranlib -DCMAKE_LINKER=/home/dcherkus/radioconda/envs/m17env/bin/x86_64-conda-linux-gnu-ld -DCMAKE_STRIP=/home/dcherkus/radioconda/envs/m17env/bin/x86_64-conda-linux-gnu-strip
-CMAKE_PREFIX_PATH=/home/dcherkus/radioconda/envs/m17env:/home/dcherkus/radioconda/envs/m17env/x86_64-conda-linux-gnu/sysroot/usr
-CONDA_BUILD_SYSROOT=/home/dcherkus/radioconda/envs/m17env/x86_64-conda-linux-gnu/sysroot
-_CONDA_PYTHON_SYSCONFIGDATA_NAME=_sysconfigdata_x86_64_conda_cos6_linux_gnu
-CONDA_TOOLCHAIN_BUILD=x86_64-conda-linux-gnu
-CONDA_TOOLCHAIN_HOST=x86_64-conda-linux-gnu
-CPPFLAGS=-DNDEBUG -D_FORTIFY_SOURCE=2 -O2 -isystem /home/dcherkus/radioconda/envs/m17env/include
-CPP=/home/dcherkus/radioconda/envs/m17env/bin/x86_64-conda-linux-gnu-cpp
-DEBUG_CFLAGS=-march=nocona -mtune=haswell -ftree-vectorize -fPIC -fstack-protector-all -fno-plt -Og -g -Wall -Wextra -fvar-tracking-assignments -ffunction-sections -pipe -isystem /home/dcherkus/radioconda/envs/m17env/include
-DEBUG_CPPFLAGS=-D_DEBUG -D_FORTIFY_SOURCE=2 -Og -isystem /home/dcherkus/radioconda/envs/m17env/include
-GCC_AR=/home/dcherkus/radioconda/envs/m17env/bin/x86_64-conda-linux-gnu-gcc-ar
-GCC=/home/dcherkus/radioconda/envs/m17env/bin/x86_64-conda-linux-gnu-gcc
-GCC_NM=/home/dcherkus/radioconda/envs/m17env/bin/x86_64-conda-linux-gnu-gcc-nm
-GCC_RANLIB=/home/dcherkus/radioconda/envs/m17env/bin/x86_64-conda-linux-gnu-gcc-ranlib
-host_alias=x86_64-conda-linux-gnu
-HOST=x86_64-conda-linux-gnu
-LDFLAGS=-Wl,-O2 -Wl,--sort-common -Wl,--as-needed -Wl,-z,relro -Wl,-z,now -Wl,--disable-new-dtags -Wl,--gc-sections -Wl,--allow-shlib-undefined -Wl,-rpath,/home/dcherkus/radioconda/envs/m17env/lib -Wl,-rpath-link,/home/dcherkus/radioconda/envs/m17env/lib -L/home/dcherkus/radioconda/envs/m17env/lib
INFO: deactivate-binutils_linux-64.sh made the following environmental changes:
-ADDR2LINE=/home/dcherkus/radioconda/envs/m17env/bin/x86_64-conda-linux-gnu-addr2line
-AR=/home/dcherkus/radioconda/envs/m17env/bin/x86_64-conda-linux-gnu-ar
-AS=/home/dcherkus/radioconda/envs/m17env/bin/x86_64-conda-linux-gnu-as
-CXXFILT=/home/dcherkus/radioconda/envs/m17env/bin/x86_64-conda-linux-gnu-c++filt
-ELFEDIT=/home/dcherkus/radioconda/envs/m17env/bin/x86_64-conda-linux-gnu-elfedit
-GPROF=/home/dcherkus/radioconda/envs/m17env/bin/x86_64-conda-linux-gnu-gprof
-LD_GOLD=/home/dcherkus/radioconda/envs/m17env/bin/x86_64-conda-linux-gnu-ld.gold
-LD=/home/dcherkus/radioconda/envs/m17env/bin/x86_64-conda-linux-gnu-ld
-NM=/home/dcherkus/radioconda/envs/m17env/bin/x86_64-conda-linux-gnu-nm
-OBJCOPY=/home/dcherkus/radioconda/envs/m17env/bin/x86_64-conda-linux-gnu-objcopy
-OBJDUMP=/home/dcherkus/radioconda/envs/m17env/bin/x86_64-conda-linux-gnu-objdump
-RANLIB=/home/dcherkus/radioconda/envs/m17env/bin/x86_64-conda-linux-gnu-ranlib
-READELF=/home/dcherkus/radioconda/envs/m17env/bin/x86_64-conda-linux-gnu-readelf
-SIZE=/home/dcherkus/radioconda/envs/m17env/bin/x86_64-conda-linux-gnu-size
-STRINGS=/home/dcherkus/radioconda/envs/m17env/bin/x86_64-conda-linux-gnu-strings
-STRIP=/home/dcherkus/radioconda/envs/m17env/bin/x86_64-conda-linux-gnu-strip
Read audio from STDIN and write baseband M17 to STDOUT
Program options:
  -h [ --help ]                         Print this help message and exit.
  -V [ --version ]                      Print the application verion and exit.
  -S [ --src ] arg                      transmitter identifier (your callsign).
  -D [ --dest ] arg                     destination (default is broadcast).
  -C [ --can ] arg (=10)                channel access number.
  -a [ --audio ] arg                    audio device (default is STDIN).
  -e [ --event ] arg (=/dev/input/by-id/usb-C-Media_Electronics_Inc._USB_Audio_Device-event-if03)
                                        event device (default is C-Media 
                                        Electronics Inc. USB Audio Device).
  -k [ --key ] arg (=385)               Linux event code for PTT (default is 
                                        RADIO).
  -b [ --bitstream ]                    output bitstream (default is baseband).
  -B [ --bert ]                         output a bit error rate test stream 
                                        (default is read audio from STDIN).
  -i [ --invert ]                       invert the output baseband (ignored for
                                        bitstream)
  -v [ --verbose ]                      verbose output
  -d [ --debug ]                        debug-level output
  -q [ --quiet ]                        silence all output

Read M17 baseband from STDIN and write audio to STDOUT
Program options:
  -h [ --help ]           Print this help message and exit.
  -V [ --version ]        Print the application verion and exit.
  -i [ --invert ]         invert the received baseband
  -b [ --noise-blanker ]  noise blanker -- silence likely corrupt audio
  -l [ --lsf ]            display the decoded LSF
  -v [ --verbose ]        verbose output
  -d [ --debug ]          debug-level output
  -q [ --quiet ]          silence all output -- no BERT output


Resource usage statistics from testing m17-cxx-demod:
   Process count: 1
   CPU time: Sys=-, User=-
   Memory: 3.0M
   Disk usage: 20B
   Time elapsed: 0:00:02.0


TEST END: /home/dcherkus/radioconda/envs/m17env/conda-bld/linux-64/m17-cxx-demod-2.3-h3fd9d12_0.tar.bz2
Renaming work directory '/home/dcherkus/radioconda/envs/m17env/conda-bld/m17-cxx-demod_1645888486162/work' to '/home/dcherkus/radioconda/envs/m17env/conda-bld/m17-cxx-demod_1645888486162/work_moved_m17-cxx-demod-2.3-h3fd9d12_0_linux-64_main_build_loop'
INFO:conda_build.utils:Renaming work directory '/home/dcherkus/radioconda/envs/m17env/conda-bld/m17-cxx-demod_1645888486162/work' to '/home/dcherkus/radioconda/envs/m17env/conda-bld/m17-cxx-demod_1645888486162/work_moved_m17-cxx-demod-2.3-h3fd9d12_0_linux-64_main_build_loop'
INFO conda_build.utils:shutil_move_more_retrying(2091): Renaming work directory '/home/dcherkus/radioconda/envs/m17env/conda-bld/m17-cxx-demod_1645888486162/work' to '/home/dcherkus/radioconda/envs/m17env/conda-bld/m17-cxx-demod_1645888486162/work_moved_m17-cxx-demod-2.3-h3fd9d12_0_linux-64_main_build_loop'
shutil.move(work)=/home/dcherkus/radioconda/envs/m17env/conda-bld/m17-cxx-demod_1645888486162/work, dest=/home/dcherkus/radioconda/envs/m17env/conda-bld/m17-cxx-demod_1645888486162/work_moved_m17-cxx-demod-2.3-h3fd9d12_0_linux-64_main_build_loop)
INFO:conda_build.utils:shutil.move(work)=/home/dcherkus/radioconda/envs/m17env/conda-bld/m17-cxx-demod_1645888486162/work, dest=/home/dcherkus/radioconda/envs/m17env/conda-bld/m17-cxx-demod_1645888486162/work_moved_m17-cxx-demod-2.3-h3fd9d12_0_linux-64_main_build_loop)
INFO conda_build.utils:shutil_move_more_retrying(2098): shutil.move(work)=/home/dcherkus/radioconda/envs/m17env/conda-bld/m17-cxx-demod_1645888486162/work, dest=/home/dcherkus/radioconda/envs/m17env/conda-bld/m17-cxx-demod_1645888486162/work_moved_m17-cxx-demod-2.3-h3fd9d12_0_linux-64_main_build_loop)
# Automatic uploading is disabled
# If you want to upload package(s) to anaconda.org later, type:


# To have conda build upload to anaconda.org automatically, use
# conda config --set anaconda_upload yes
anaconda upload \
    /home/dcherkus/radioconda/envs/m17env/conda-bld/linux-64/m17-cxx-demod-2.3-h3fd9d12_0.tar.bz2
anaconda_upload is not set.  Not uploading wheels: []

INFO :: The inputs making up the hashes for the built packages are as follows:
{
  "m17-cxx-demod-2.3-h3fd9d12_0": {
    "recipe": {
      "c_compiler": "gcc",
      "cxx_compiler": "gxx",
      "target_platform": "linux-64"
    }
  }
}


####################################################################################
Resource usage summary:

Total time: 0:02:02.0
CPU usage: sys=0:00:02.8, user=0:00:55.7
Maximum memory usage observed: 1.7G
Total disk usage observed (not including envs): 4.6K


####################################################################################
Source and build intermediates have been left in /home/dcherkus/radioconda/envs/m17env/conda-bld.
There are currently 2 accumulated.
To remove them, you can run the ```conda build purge``` command
